#0 building with "default" instance using docker driver

#1 [internal] load build definition from Dockerfile
#1 transferring dockerfile: 312B done
#1 DONE 0.0s

#2 [internal] load metadata for docker.io/library/openjdk:21-jdk
#2 DONE 0.7s

#3 [internal] load .dockerignore
#3 transferring context: 2B done
#3 DONE 0.0s

#4 [stage-1 1/2] FROM docker.io/library/openjdk:21-jdk@sha256:af9de795d1f8d3b6172f6c55ca9ba1c5768baa11bb2dc8af7045c7db9d4c33ac
#4 CACHED

#5 [internal] load build context
#5 transferring context: 81B done
#5 DONE 0.0s

#6 [stage-1 2/2] COPY ./target/Homie-0.0.1-SNAPSHOT.jar app.jar
#6 DONE 0.4s

#7 exporting to image
#7 exporting layers 0.1s done
#7 writing image sha256:b30bea0b2f3d33d001ad1db30e7ba4e9d9b1f5047f7d115ffbd2842b59978868 done
#7 DONE 0.1s

What's Next?
  View a summary of image vulnerabilities and recommendations → docker scout quickview
